<?xml version="1.0" encoding="UTF-8"?>
<testng-results skipped="0" failed="1" total="1" passed="0">
  <reporter-output>
    <line>
      <![CDATA[<a href= 'file://C:/Users/Prasanta (UTL-0841)/eclipse-workspace/DGTR/screenshots/testFlowTest2019-02-20.jpg'target='_blank' >testFlowTest2019-02-20</a>]]>
    </line>
  </reporter-output>
  <suite name="Default suite" duration-ms="971388" started-at="2019-02-20T11:50:17Z" finished-at="2019-02-20T12:06:28Z">
    <groups>
    </groups>
    <test name="Default test" duration-ms="971388" started-at="2019-02-20T11:50:17Z" finished-at="2019-02-20T12:06:28Z">
      <class name="com.Balansekonomix.scripts.Import_Details">
        <test-method status="PASS" signature="setUp()[pri:0, instance:com.Balansekonomix.scripts.Import_Details@1efbd816]" name="setUp" is-config="true" duration-ms="4314" started-at="2019-02-20T17:20:17Z" finished-at="2019-02-20T17:20:21Z">
          <reporter-output>
          </reporter-output>
        </test-method> <!-- setUp -->
        <test-method status="FAIL" signature="PUC()[pri:0, instance:com.Balansekonomix.scripts.Import_Details@1efbd816]" name="PUC" duration-ms="965895" started-at="2019-02-20T17:20:21Z" finished-at="2019-02-20T17:36:27Z">
          <exception class="java.lang.AssertionError">
            <message>
              <![CDATA[Element Locator ://tbody[@id='dt_IndiaVolumeCalulate']//td[7]//input[@id='txtAvgSod'] Not found expected [true] but found [false]]]>
            </message>
            <full-stacktrace>
              <![CDATA[java.lang.AssertionError: Element Locator ://tbody[@id='dt_IndiaVolumeCalulate']//td[7]//input[@id='txtAvgSod'] Not found expected [true] but found [false]
	at org.testng.Assert.fail(Assert.java:94)
	at org.testng.Assert.failNotEquals(Assert.java:494)
	at org.testng.Assert.assertTrue(Assert.java:42)
	at com.Balansekonomix.util.DriverHelper.sendKeys(DriverHelper.java:261)
	at com.Balansekonomix.pagehelper.Import_Details_Helper.EnterText(Import_Details_Helper.java:64)
	at com.Balansekonomix.scripts.Import_Details.PUC(Import_Details.java:212)
	at sun.reflect.NativeMethodAccessorImpl.invoke0(Native Method)
	at sun.reflect.NativeMethodAccessorImpl.invoke(Unknown Source)
	at sun.reflect.DelegatingMethodAccessorImpl.invoke(Unknown Source)
	at java.lang.reflect.Method.invoke(Unknown Source)
	at org.testng.internal.MethodInvocationHelper.invokeMethod(MethodInvocationHelper.java:84)
	at org.testng.internal.Invoker.invokeMethod(Invoker.java:714)
	at org.testng.internal.Invoker.invokeTestMethod(Invoker.java:901)
	at org.testng.internal.Invoker.invokeTestMethods(Invoker.java:1231)
	at org.testng.internal.TestMethodWorker.invokeTestMethods(TestMethodWorker.java:127)
	at org.testng.internal.TestMethodWorker.run(TestMethodWorker.java:111)
	at org.testng.TestRunner.privateRun(TestRunner.java:767)
	at org.testng.TestRunner.run(TestRunner.java:617)
	at org.testng.SuiteRunner.runTest(SuiteRunner.java:334)
	at org.testng.SuiteRunner.runSequentially(SuiteRunner.java:329)
	at org.testng.SuiteRunner.privateRun(SuiteRunner.java:291)
	at org.testng.SuiteRunner.run(SuiteRunner.java:240)
	at org.testng.SuiteRunnerWorker.runSuite(SuiteRunnerWorker.java:52)
	at org.testng.SuiteRunnerWorker.run(SuiteRunnerWorker.java:86)
	at org.testng.TestNG.runSuitesSequentially(TestNG.java:1224)
	at org.testng.TestNG.runSuitesLocally(TestNG.java:1149)
	at org.testng.TestNG.run(TestNG.java:1057)
	at org.testng.remote.AbstractRemoteTestNG.run(AbstractRemoteTestNG.java:114)
	at org.testng.remote.RemoteTestNG.initAndRun(RemoteTestNG.java:251)
	at org.testng.remote.RemoteTestNG.main(RemoteTestNG.java:77)
]]>
            </full-stacktrace>
          </exception> <!-- java.lang.AssertionError -->
          <reporter-output>
            <line>
              <![CDATA[<a href= 'file://C:/Users/Prasanta (UTL-0841)/eclipse-workspace/DGTR/screenshots/testFlowTest2019-02-20.jpg'target='_blank' >testFlowTest2019-02-20</a>]]>
            </line>
          </reporter-output>
        </test-method> <!-- PUC -->
        <test-method status="PASS" signature="endMethods()[pri:0, instance:com.Balansekonomix.scripts.Import_Details@1efbd816]" name="endMethods" is-config="true" duration-ms="0" started-at="2019-02-20T17:36:27Z" finished-at="2019-02-20T17:36:27Z">
          <reporter-output>
          </reporter-output>
        </test-method> <!-- endMethods -->
        <test-method status="PASS" signature="afterMainMethod()[pri:0, instance:com.Balansekonomix.scripts.Import_Details@1efbd816]" name="afterMainMethod" is-config="true" duration-ms="1152" started-at="2019-02-20T17:36:27Z" finished-at="2019-02-20T17:36:28Z">
          <reporter-output>
          </reporter-output>
        </test-method> <!-- afterMainMethod -->
      </class> <!-- com.Balansekonomix.scripts.Import_Details -->
    </test> <!-- Default test -->
  </suite> <!-- Default suite -->
</testng-results>
